21:55:49.630 INFO  testCases.BaseClass -Clicked on Register
21:55:49.700 INFO  testCases.BaseClass -Clicked on Male
21:55:49.803 INFO  testCases.BaseClass -Enter first name
21:55:49.908 INFO  testCases.BaseClass -Enter first name
21:55:50.022 INFO  testCases.BaseClass -Selected day
21:55:50.109 INFO  testCases.BaseClass -Selected month
21:55:50.202 INFO  testCases.BaseClass -Selected year
21:55:50.313 INFO  testCases.BaseClass -Entered email
21:55:50.428 INFO  testCases.BaseClass -Entered password
21:55:50.533 INFO  testCases.BaseClass -Confirmed password
21:55:51.295 INFO  testCases.BaseClass -Clicked register
21:55:51.338 INFO  testCases.BaseClass -Test passed
21:55:56.501 INFO  testCases.BaseClass -Clicked on Register
21:55:56.562 INFO  testCases.BaseClass -Clicked on Male
21:55:56.661 INFO  testCases.BaseClass -Enter first name
21:55:56.767 INFO  testCases.BaseClass -Enter first name
21:55:56.854 INFO  testCases.BaseClass -Selected day
21:55:56.938 INFO  testCases.BaseClass -Selected month
21:55:57.020 INFO  testCases.BaseClass -Selected year
21:55:57.133 INFO  testCases.BaseClass -Entered email
21:55:57.243 INFO  testCases.BaseClass -Entered password
21:55:57.346 INFO  testCases.BaseClass -Confirmed password
21:55:57.757 INFO  testCases.BaseClass -Clicked register
22:18:12.441 INFO  testCases.BaseClass -Clicked on Register
22:18:12.511 INFO  testCases.BaseClass -Clicked on Male
22:18:12.614 INFO  testCases.BaseClass -Enter first name
22:18:12.718 INFO  testCases.BaseClass -Enter first name
22:18:12.824 INFO  testCases.BaseClass -Selected day
22:18:12.910 INFO  testCases.BaseClass -Selected month
22:18:13.006 INFO  testCases.BaseClass -Selected year
22:18:13.116 INFO  testCases.BaseClass -Entered email
22:18:13.220 INFO  testCases.BaseClass -Entered password
22:18:13.329 INFO  testCases.BaseClass -Confirmed password
22:18:13.767 INFO  testCases.BaseClass -Clicked register
22:18:17.764 INFO  testCases.BaseClass -Clicked on Register
22:18:17.832 INFO  testCases.BaseClass -Clicked on Male
22:18:17.928 INFO  testCases.BaseClass -Enter first name
22:18:18.022 INFO  testCases.BaseClass -Enter first name
22:18:18.093 INFO  testCases.BaseClass -Selected day
22:18:18.164 INFO  testCases.BaseClass -Selected month
22:18:18.233 INFO  testCases.BaseClass -Selected year
22:18:18.326 INFO  testCases.BaseClass -Entered email
22:18:18.422 INFO  testCases.BaseClass -Entered password
22:18:18.511 INFO  testCases.BaseClass -Confirmed password
22:18:18.883 INFO  testCases.BaseClass -Clicked register
22:21:43.296 INFO  testCases.BaseClass -Clicked on Log in
22:21:43.409 INFO  testCases.BaseClass -Entered email
22:21:43.510 INFO  testCases.BaseClass -Entered password
22:21:43.880 INFO  testCases.BaseClass -Clicked Login
22:21:43.902 INFO  testCases.BaseClass -Test passed
22:21:44.603 INFO  testCases.BaseClass -Clicked on Log in
22:21:44.687 INFO  testCases.BaseClass -Entered email
22:21:44.766 INFO  testCases.BaseClass -Entered password
22:21:44.822 INFO  testCases.BaseClass -Clicked Login
22:21:44.835 INFO  testCases.BaseClass -Test passed
22:21:45.577 INFO  testCases.BaseClass -Clicked on Log in
22:21:45.668 INFO  testCases.BaseClass -Entered email
22:21:45.756 INFO  testCases.BaseClass -Entered password
22:21:45.809 INFO  testCases.BaseClass -Clicked Login
22:21:45.821 INFO  testCases.BaseClass -Test passed
22:21:46.558 INFO  testCases.BaseClass -Clicked on Log in
22:21:46.639 INFO  testCases.BaseClass -Entered email
22:21:46.725 INFO  testCases.BaseClass -Entered password
22:21:46.778 INFO  testCases.BaseClass -Clicked Login
22:21:46.792 INFO  testCases.BaseClass -Test passed
