00:34:38.526 INFO  testCases.BaseClass -Clicked on Log in
00:34:38.649 INFO  testCases.BaseClass -Entered email
00:34:38.956 INFO  testCases.BaseClass -Entered password
00:34:39.652 INFO  testCases.BaseClass -Clicked Login
00:34:39.765 INFO  testCases.BaseClass -Test passed
00:34:41.036 INFO  testCases.BaseClass -Clicked on Log in
00:34:41.153 INFO  testCases.BaseClass -Entered email
00:34:41.268 INFO  testCases.BaseClass -Entered password
00:34:41.648 INFO  testCases.BaseClass -Clicked Login
00:34:41.655 INFO  testCases.BaseClass -Test passed
00:34:42.439 INFO  testCases.BaseClass -Clicked on Log in
00:34:42.538 INFO  testCases.BaseClass -Entered email
00:34:42.633 INFO  testCases.BaseClass -Entered password
00:34:42.692 INFO  testCases.BaseClass -Clicked Login
00:34:42.702 INFO  testCases.BaseClass -Test passed
00:34:43.518 INFO  testCases.BaseClass -Clicked on Log in
00:34:43.619 INFO  testCases.BaseClass -Entered email
00:34:43.708 INFO  testCases.BaseClass -Entered password
00:34:43.771 INFO  testCases.BaseClass -Clicked Login
00:34:43.785 INFO  testCases.BaseClass -Test passed
00:34:44.574 INFO  testCases.BaseClass -Clicked on Log in
00:34:44.667 INFO  testCases.BaseClass -Entered email
00:34:44.750 INFO  testCases.BaseClass -Entered password
00:34:44.808 INFO  testCases.BaseClass -Clicked Login
00:34:44.819 INFO  testCases.BaseClass -Test passed
00:38:52.363 INFO  testCases.BaseClass -Clicked on Log in
00:38:52.487 INFO  testCases.BaseClass -Entered email
00:38:52.607 INFO  testCases.BaseClass -Entered password
00:38:53.537 INFO  testCases.BaseClass -Clicked Login
00:38:53.561 INFO  testCases.BaseClass -Test passed
00:38:54.307 INFO  testCases.BaseClass -Clicked on Log in
00:38:54.424 INFO  testCases.BaseClass -Entered email
00:38:54.523 INFO  testCases.BaseClass -Entered password
00:38:54.907 INFO  testCases.BaseClass -Clicked Login
00:38:54.918 INFO  testCases.BaseClass -Test passed
