00:43:03.928 INFO  testCases.BaseClass -Clicked on Register
00:43:04.000 INFO  testCases.BaseClass -Clicked on Male
00:43:04.104 INFO  testCases.BaseClass -Enter first name
00:43:04.211 INFO  testCases.BaseClass -Enter first name
00:43:04.313 INFO  testCases.BaseClass -Selected day
00:43:04.398 INFO  testCases.BaseClass -Selected month
00:43:04.484 INFO  testCases.BaseClass -Selected year
00:43:04.599 INFO  testCases.BaseClass -Entered email
00:43:04.713 INFO  testCases.BaseClass -Entered password
00:43:04.816 INFO  testCases.BaseClass -Confirmed password
00:43:05.496 INFO  testCases.BaseClass -Clicked register
00:43:05.532 INFO  testCases.BaseClass -Test passed
00:43:08.315 INFO  testCases.BaseClass -Clicked on Register
00:43:08.378 INFO  testCases.BaseClass -Clicked on Male
00:43:08.478 INFO  testCases.BaseClass -Enter first name
00:43:08.582 INFO  testCases.BaseClass -Enter first name
00:43:08.670 INFO  testCases.BaseClass -Selected day
00:43:08.749 INFO  testCases.BaseClass -Selected month
00:43:08.829 INFO  testCases.BaseClass -Selected year
00:43:08.946 INFO  testCases.BaseClass -Entered email
00:43:09.054 INFO  testCases.BaseClass -Entered password
00:43:09.154 INFO  testCases.BaseClass -Confirmed password
00:43:09.544 INFO  testCases.BaseClass -Clicked register
00:43:15.962 INFO  testCases.BaseClass -Clicked on Log in
00:43:16.084 INFO  testCases.BaseClass -Entered email
00:43:16.179 INFO  testCases.BaseClass -Entered password
00:43:16.874 INFO  testCases.BaseClass -Clicked Login
00:43:16.891 INFO  testCases.BaseClass -Test passed
00:43:19.834 INFO  testCases.BaseClass -Clicked on Log in
00:43:19.943 INFO  testCases.BaseClass -Entered email
00:43:20.047 INFO  testCases.BaseClass -Entered password
00:43:20.434 INFO  testCases.BaseClass -Clicked Login
00:43:20.451 INFO  testCases.BaseClass -Test passed
00:47:47.706 INFO  testCases.BaseClass -Clicked on Register
00:47:47.777 INFO  testCases.BaseClass -Clicked on Male
00:47:47.888 INFO  testCases.BaseClass -Enter first name
00:47:47.990 INFO  testCases.BaseClass -Enter first name
00:47:48.095 INFO  testCases.BaseClass -Selected day
00:47:48.179 INFO  testCases.BaseClass -Selected month
00:47:48.269 INFO  testCases.BaseClass -Selected year
00:47:48.380 INFO  testCases.BaseClass -Entered email
00:47:48.488 INFO  testCases.BaseClass -Entered password
00:47:48.594 INFO  testCases.BaseClass -Confirmed password
00:47:48.988 INFO  testCases.BaseClass -Clicked register
00:47:55.507 INFO  testCases.BaseClass -Clicked on Register
00:47:55.569 INFO  testCases.BaseClass -Clicked on Male
00:47:55.665 INFO  testCases.BaseClass -Enter first name
00:47:55.768 INFO  testCases.BaseClass -Enter first name
00:47:55.858 INFO  testCases.BaseClass -Selected day
00:47:55.939 INFO  testCases.BaseClass -Selected month
00:47:56.025 INFO  testCases.BaseClass -Selected year
00:47:56.132 INFO  testCases.BaseClass -Entered email
00:47:56.235 INFO  testCases.BaseClass -Entered password
00:47:56.340 INFO  testCases.BaseClass -Confirmed password
00:47:56.747 INFO  testCases.BaseClass -Clicked register
00:49:41.734 INFO  testCases.BaseClass -Clicked on Register
00:49:41.797 INFO  testCases.BaseClass -Clicked on Male
00:49:41.900 INFO  testCases.BaseClass -Enter first name
00:49:42.001 INFO  testCases.BaseClass -Enter first name
00:49:42.097 INFO  testCases.BaseClass -Selected day
00:49:42.187 INFO  testCases.BaseClass -Selected month
00:49:42.269 INFO  testCases.BaseClass -Selected year
00:49:42.377 INFO  testCases.BaseClass -Entered email
00:49:42.483 INFO  testCases.BaseClass -Entered password
00:49:42.586 INFO  testCases.BaseClass -Confirmed password
00:49:42.999 INFO  testCases.BaseClass -Clicked register
00:49:48.528 INFO  testCases.BaseClass -Clicked on Register
00:49:48.597 INFO  testCases.BaseClass -Clicked on Male
00:49:48.695 INFO  testCases.BaseClass -Enter first name
00:49:48.788 INFO  testCases.BaseClass -Enter first name
00:49:48.871 INFO  testCases.BaseClass -Selected day
00:49:48.947 INFO  testCases.BaseClass -Selected month
00:49:49.032 INFO  testCases.BaseClass -Selected year
00:49:49.140 INFO  testCases.BaseClass -Entered email
00:49:49.244 INFO  testCases.BaseClass -Entered password
00:49:49.348 INFO  testCases.BaseClass -Confirmed password
00:49:49.741 INFO  testCases.BaseClass -Clicked register
00:53:47.912 INFO  testCases.BaseClass -Clicked on Register
00:53:47.982 INFO  testCases.BaseClass -Clicked on Male
00:53:48.084 INFO  testCases.BaseClass -Enter first name
00:53:48.189 INFO  testCases.BaseClass -Enter first name
00:53:48.285 INFO  testCases.BaseClass -Selected day
00:53:48.368 INFO  testCases.BaseClass -Selected month
00:53:48.451 INFO  testCases.BaseClass -Selected year
00:53:48.570 INFO  testCases.BaseClass -Entered email
00:53:48.676 INFO  testCases.BaseClass -Entered password
00:53:48.782 INFO  testCases.BaseClass -Confirmed password
00:53:49.167 INFO  testCases.BaseClass -Clicked register
00:53:56.061 INFO  testCases.BaseClass -Clicked on Register
00:53:56.124 INFO  testCases.BaseClass -Clicked on Male
00:53:56.220 INFO  testCases.BaseClass -Enter first name
00:53:56.324 INFO  testCases.BaseClass -Enter first name
00:53:56.415 INFO  testCases.BaseClass -Selected day
00:53:56.498 INFO  testCases.BaseClass -Selected month
00:53:56.586 INFO  testCases.BaseClass -Selected year
00:53:56.698 INFO  testCases.BaseClass -Entered email
00:53:56.804 INFO  testCases.BaseClass -Entered password
00:53:56.907 INFO  testCases.BaseClass -Confirmed password
00:53:57.296 INFO  testCases.BaseClass -Clicked register
00:56:28.507 INFO  testCases.BaseClass -Clicked on Register
00:56:28.575 INFO  testCases.BaseClass -Clicked on Male
00:56:28.684 INFO  testCases.BaseClass -Enter first name
00:56:28.786 INFO  testCases.BaseClass -Enter first name
00:56:28.889 INFO  testCases.BaseClass -Selected day
00:56:28.974 INFO  testCases.BaseClass -Selected month
00:56:29.058 INFO  testCases.BaseClass -Selected year
00:56:29.174 INFO  testCases.BaseClass -Entered email
00:56:29.282 INFO  testCases.BaseClass -Entered password
00:56:29.385 INFO  testCases.BaseClass -Confirmed password
00:56:29.778 INFO  testCases.BaseClass -Clicked register
00:56:35.593 INFO  testCases.BaseClass -Clicked on Register
00:56:35.650 INFO  testCases.BaseClass -Clicked on Male
00:56:35.738 INFO  testCases.BaseClass -Enter first name
00:56:35.831 INFO  testCases.BaseClass -Enter first name
00:56:35.908 INFO  testCases.BaseClass -Selected day
00:56:35.980 INFO  testCases.BaseClass -Selected month
00:56:36.065 INFO  testCases.BaseClass -Selected year
00:56:36.169 INFO  testCases.BaseClass -Entered email
00:56:36.276 INFO  testCases.BaseClass -Entered password
00:56:36.378 INFO  testCases.BaseClass -Confirmed password
00:56:36.790 INFO  testCases.BaseClass -Clicked register
00:56:43.023 INFO  testCases.BaseClass -Clicked on Log in
00:56:43.134 INFO  testCases.BaseClass -Entered email
00:56:43.236 INFO  testCases.BaseClass -Entered password
00:56:43.906 INFO  testCases.BaseClass -Clicked Login
00:56:43.920 INFO  testCases.BaseClass -Test passed
00:56:46.756 INFO  testCases.BaseClass -Clicked on Log in
00:56:46.869 INFO  testCases.BaseClass -Entered email
00:56:46.978 INFO  testCases.BaseClass -Entered password
00:56:47.352 INFO  testCases.BaseClass -Clicked Login
00:56:47.369 INFO  testCases.BaseClass -Test passed
