18:35:08.245 INFO  testCases.BaseClass -Clicked on Register
18:35:08.301 INFO  testCases.BaseClass -Clicked on Male
18:35:08.406 INFO  testCases.BaseClass -Enter first name
18:35:08.513 INFO  testCases.BaseClass -Enter first name
18:35:08.619 INFO  testCases.BaseClass -Selected day
18:35:08.705 INFO  testCases.BaseClass -Selected month
18:35:08.798 INFO  testCases.BaseClass -Selected year
18:35:08.906 INFO  testCases.BaseClass -Entered email
18:35:09.017 INFO  testCases.BaseClass -Entered password
18:35:09.121 INFO  testCases.BaseClass -Confirmed password
18:35:10.357 INFO  testCases.BaseClass -Clicked register
18:35:10.402 INFO  testCases.BaseClass -Test passed
18:35:11.167 INFO  testCases.BaseClass -Clicked on Register
18:35:11.240 INFO  testCases.BaseClass -Clicked on Male
18:35:11.334 INFO  testCases.BaseClass -Enter first name
18:35:11.437 INFO  testCases.BaseClass -Enter first name
18:35:11.516 INFO  testCases.BaseClass -Selected day
18:35:11.590 INFO  testCases.BaseClass -Selected month
18:35:11.669 INFO  testCases.BaseClass -Selected year
18:35:11.776 INFO  testCases.BaseClass -Entered email
18:35:11.875 INFO  testCases.BaseClass -Entered password
18:35:11.976 INFO  testCases.BaseClass -Confirmed password
18:35:12.375 INFO  testCases.BaseClass -Clicked register
18:39:46.798 INFO  testCases.BaseClass -Clicked on Register
18:39:46.860 INFO  testCases.BaseClass -Clicked on Male
18:39:46.959 INFO  testCases.BaseClass -Enter first name
18:39:47.059 INFO  testCases.BaseClass -Enter first name
18:39:47.156 INFO  testCases.BaseClass -Selected day
18:39:47.238 INFO  testCases.BaseClass -Selected month
18:39:47.327 INFO  testCases.BaseClass -Selected year
18:39:47.430 INFO  testCases.BaseClass -Entered email
18:39:47.534 INFO  testCases.BaseClass -Entered password
18:39:47.630 INFO  testCases.BaseClass -Confirmed password
18:39:48.357 INFO  testCases.BaseClass -Clicked register
18:39:48.398 INFO  testCases.BaseClass -Test passed
18:40:11.643 INFO  testCases.BaseClass -Clicked on Register
18:40:11.706 INFO  testCases.BaseClass -Clicked on Male
18:40:11.805 INFO  testCases.BaseClass -Enter first name
18:40:11.909 INFO  testCases.BaseClass -Enter first name
18:40:12.008 INFO  testCases.BaseClass -Selected day
18:40:12.093 INFO  testCases.BaseClass -Selected month
18:40:12.176 INFO  testCases.BaseClass -Selected year
18:40:12.296 INFO  testCases.BaseClass -Entered email
18:40:12.402 INFO  testCases.BaseClass -Entered password
18:40:12.501 INFO  testCases.BaseClass -Confirmed password
18:40:12.941 INFO  testCases.BaseClass -Clicked register
18:40:16.919 INFO  testCases.BaseClass -Clicked on Register
18:40:16.976 INFO  testCases.BaseClass -Clicked on Male
18:40:17.072 INFO  testCases.BaseClass -Enter first name
18:40:17.162 INFO  testCases.BaseClass -Enter first name
18:40:17.238 INFO  testCases.BaseClass -Selected day
18:40:17.307 INFO  testCases.BaseClass -Selected month
18:40:17.373 INFO  testCases.BaseClass -Selected year
18:40:17.466 INFO  testCases.BaseClass -Entered email
18:40:17.558 INFO  testCases.BaseClass -Entered password
18:40:17.645 INFO  testCases.BaseClass -Confirmed password
18:40:18.035 INFO  testCases.BaseClass -Clicked register
19:07:33.817 INFO  testCases.BaseClass -Clicked on Register
19:07:33.883 INFO  testCases.BaseClass -Clicked on Male
19:07:33.993 INFO  testCases.BaseClass -Enter first name
19:07:34.106 INFO  testCases.BaseClass -Enter first name
19:07:34.212 INFO  testCases.BaseClass -Selected day
19:07:34.294 INFO  testCases.BaseClass -Selected month
19:07:34.389 INFO  testCases.BaseClass -Selected year
19:07:34.501 INFO  testCases.BaseClass -Entered email
19:07:34.615 INFO  testCases.BaseClass -Entered password
19:07:34.724 INFO  testCases.BaseClass -Confirmed password
19:07:35.140 INFO  testCases.BaseClass -Clicked register
19:07:39.141 INFO  testCases.BaseClass -Clicked on Register
19:07:39.201 INFO  testCases.BaseClass -Clicked on Male
19:07:39.296 INFO  testCases.BaseClass -Enter first name
19:07:39.390 INFO  testCases.BaseClass -Enter first name
19:07:39.462 INFO  testCases.BaseClass -Selected day
19:07:39.533 INFO  testCases.BaseClass -Selected month
19:07:39.600 INFO  testCases.BaseClass -Selected year
19:07:39.694 INFO  testCases.BaseClass -Entered email
19:07:39.788 INFO  testCases.BaseClass -Entered password
19:07:39.879 INFO  testCases.BaseClass -Confirmed password
19:07:40.249 INFO  testCases.BaseClass -Clicked register
19:07:47.243 INFO  testCases.BaseClass -Clicked on Log in
19:07:47.356 INFO  testCases.BaseClass -Entered email
19:07:47.462 INFO  testCases.BaseClass -Entered password
19:07:48.191 INFO  testCases.BaseClass -Clicked Login
19:07:48.204 INFO  testCases.BaseClass -Test passed
