22:22:41.435 INFO  testCases.BaseClass -Clicked on Register
22:22:41.503 INFO  testCases.BaseClass -Clicked on Male
22:22:41.614 INFO  testCases.BaseClass -Enter first name
22:22:41.717 INFO  testCases.BaseClass -Enter first name
22:22:41.818 INFO  testCases.BaseClass -Selected day
22:22:41.905 INFO  testCases.BaseClass -Selected month
22:22:41.994 INFO  testCases.BaseClass -Selected year
22:22:42.102 INFO  testCases.BaseClass -Entered email
22:22:42.210 INFO  testCases.BaseClass -Entered password
22:22:42.323 INFO  testCases.BaseClass -Confirmed password
22:22:43.019 INFO  testCases.BaseClass -Clicked register
22:22:43.818 INFO  testCases.BaseClass -Clicked on Register
22:22:43.878 INFO  testCases.BaseClass -Clicked on Male
22:22:43.976 INFO  testCases.BaseClass -Enter first name
22:22:44.073 INFO  testCases.BaseClass -Enter first name
22:22:44.152 INFO  testCases.BaseClass -Selected day
22:22:44.225 INFO  testCases.BaseClass -Selected month
22:22:44.295 INFO  testCases.BaseClass -Selected year
22:22:44.397 INFO  testCases.BaseClass -Entered email
22:22:44.496 INFO  testCases.BaseClass -Entered password
22:22:44.590 INFO  testCases.BaseClass -Confirmed password
22:22:44.966 INFO  testCases.BaseClass -Clicked register
22:25:07.985 INFO  testCases.BaseClass -Clicked on Register
22:25:08.054 INFO  testCases.BaseClass -Clicked on Male
22:25:08.157 INFO  testCases.BaseClass -Enter first name
22:25:08.263 INFO  testCases.BaseClass -Enter first name
22:25:08.351 INFO  testCases.BaseClass -Selected day
22:25:08.431 INFO  testCases.BaseClass -Selected month
22:25:08.514 INFO  testCases.BaseClass -Selected year
22:25:08.628 INFO  testCases.BaseClass -Entered email
22:25:08.740 INFO  testCases.BaseClass -Entered password
22:25:08.844 INFO  testCases.BaseClass -Confirmed password
22:25:09.232 INFO  testCases.BaseClass -Clicked register
22:28:23.068 INFO  testCases.BaseClass -Clicked on Log in
22:28:23.172 INFO  testCases.BaseClass -Entered email
22:28:23.267 INFO  testCases.BaseClass -Entered password
22:28:23.634 INFO  testCases.BaseClass -Clicked Login
22:28:23.659 INFO  testCases.BaseClass -Test passed
22:28:24.368 INFO  testCases.BaseClass -Clicked on Log in
22:28:24.473 INFO  testCases.BaseClass -Entered email
22:28:24.567 INFO  testCases.BaseClass -Entered password
22:28:25.217 INFO  testCases.BaseClass -Clicked Login
22:28:25.222 INFO  testCases.BaseClass -Test passed
22:34:00.255 INFO  testCases.BaseClass -Clicked on Log in
22:34:00.381 INFO  testCases.BaseClass -Entered email
22:34:00.481 INFO  testCases.BaseClass -Entered password
22:34:00.861 INFO  testCases.BaseClass -Clicked Login
22:46:57.234 INFO  testCases.BaseClass -Clicked on Register
22:46:57.304 INFO  testCases.BaseClass -Clicked on Male
22:46:57.402 INFO  testCases.BaseClass -Enter first name
22:46:57.508 INFO  testCases.BaseClass -Enter first name
22:46:57.605 INFO  testCases.BaseClass -Selected day
22:46:57.697 INFO  testCases.BaseClass -Selected month
22:46:57.781 INFO  testCases.BaseClass -Selected year
22:46:57.889 INFO  testCases.BaseClass -Entered email
22:46:57.999 INFO  testCases.BaseClass -Entered password
22:46:58.104 INFO  testCases.BaseClass -Confirmed password
22:46:58.799 INFO  testCases.BaseClass -Clicked register
22:46:59.616 INFO  testCases.BaseClass -Clicked on Register
22:46:59.678 INFO  testCases.BaseClass -Clicked on Male
22:46:59.772 INFO  testCases.BaseClass -Enter first name
22:46:59.868 INFO  testCases.BaseClass -Enter first name
22:46:59.952 INFO  testCases.BaseClass -Selected day
22:47:00.026 INFO  testCases.BaseClass -Selected month
22:47:00.097 INFO  testCases.BaseClass -Selected year
22:47:00.197 INFO  testCases.BaseClass -Entered email
22:47:00.299 INFO  testCases.BaseClass -Entered password
22:47:00.391 INFO  testCases.BaseClass -Confirmed password
22:47:00.789 INFO  testCases.BaseClass -Clicked register
22:48:26.727 INFO  testCases.BaseClass -Clicked on Register
22:48:26.798 INFO  testCases.BaseClass -Clicked on Male
22:48:26.899 INFO  testCases.BaseClass -Enter first name
22:48:27.006 INFO  testCases.BaseClass -Enter first name
22:48:27.101 INFO  testCases.BaseClass -Selected day
22:48:27.184 INFO  testCases.BaseClass -Selected month
22:48:27.267 INFO  testCases.BaseClass -Selected year
22:48:27.384 INFO  testCases.BaseClass -Entered email
22:48:27.493 INFO  testCases.BaseClass -Entered password
22:48:27.598 INFO  testCases.BaseClass -Confirmed password
22:48:28.012 INFO  testCases.BaseClass -Clicked register
22:49:27.428 INFO  testCases.BaseClass -Clicked on Register
22:49:27.496 INFO  testCases.BaseClass -Clicked on Male
22:49:27.592 INFO  testCases.BaseClass -Enter first name
22:49:27.696 INFO  testCases.BaseClass -Enter first name
22:49:27.792 INFO  testCases.BaseClass -Selected day
22:49:27.882 INFO  testCases.BaseClass -Selected month
22:49:27.968 INFO  testCases.BaseClass -Selected year
22:49:28.085 INFO  testCases.BaseClass -Entered email
22:49:28.197 INFO  testCases.BaseClass -Entered password
22:49:28.304 INFO  testCases.BaseClass -Confirmed password
22:49:28.720 INFO  testCases.BaseClass -Clicked register
22:58:58.165 INFO  testCases.BaseClass -Clicked on Register
22:58:58.232 INFO  testCases.BaseClass -Clicked on Male
22:58:58.326 INFO  testCases.BaseClass -Enter first name
22:58:58.431 INFO  testCases.BaseClass -Enter first name
22:58:58.532 INFO  testCases.BaseClass -Selected day
22:58:58.620 INFO  testCases.BaseClass -Selected month
22:58:58.710 INFO  testCases.BaseClass -Selected year
22:58:58.828 INFO  testCases.BaseClass -Entered email
22:58:58.941 INFO  testCases.BaseClass -Entered password
22:58:59.047 INFO  testCases.BaseClass -Confirmed password
22:58:59.466 INFO  testCases.BaseClass -Clicked register
23:01:49.743 INFO  testCases.BaseClass -Clicked on Register
23:01:49.811 INFO  testCases.BaseClass -Clicked on Male
23:01:49.905 INFO  testCases.BaseClass -Enter first name
23:01:50.004 INFO  testCases.BaseClass -Enter first name
23:01:50.103 INFO  testCases.BaseClass -Selected day
23:01:50.187 INFO  testCases.BaseClass -Selected month
23:01:50.275 INFO  testCases.BaseClass -Selected year
23:01:50.391 INFO  testCases.BaseClass -Entered email
23:01:50.497 INFO  testCases.BaseClass -Entered password
23:01:50.603 INFO  testCases.BaseClass -Confirmed password
23:01:51.018 INFO  testCases.BaseClass -Clicked register
23:26:25.462 INFO  testCases.BaseClass -Clicked on Register
23:26:25.525 INFO  testCases.BaseClass -Clicked on Male
23:26:25.626 INFO  testCases.BaseClass -Enter first name
23:26:25.731 INFO  testCases.BaseClass -Enter first name
23:26:25.829 INFO  testCases.BaseClass -Selected day
23:26:25.918 INFO  testCases.BaseClass -Selected month
23:26:26.000 INFO  testCases.BaseClass -Selected year
23:26:26.113 INFO  testCases.BaseClass -Entered email
23:26:26.228 INFO  testCases.BaseClass -Entered password
23:26:26.333 INFO  testCases.BaseClass -Confirmed password
23:26:26.749 INFO  testCases.BaseClass -Clicked register
23:26:30.705 INFO  testCases.BaseClass -Clicked on Register
23:26:30.772 INFO  testCases.BaseClass -Clicked on Male
23:26:30.862 INFO  testCases.BaseClass -Enter first name
23:26:30.953 INFO  testCases.BaseClass -Enter first name
23:26:31.027 INFO  testCases.BaseClass -Selected day
23:26:31.097 INFO  testCases.BaseClass -Selected month
23:26:31.160 INFO  testCases.BaseClass -Selected year
23:26:31.256 INFO  testCases.BaseClass -Entered email
23:26:31.353 INFO  testCases.BaseClass -Entered password
23:26:31.443 INFO  testCases.BaseClass -Confirmed password
23:26:31.826 INFO  testCases.BaseClass -Clicked register
23:27:55.575 INFO  testCases.BaseClass -Clicked on Register
23:27:55.640 INFO  testCases.BaseClass -Clicked on Male
23:27:55.739 INFO  testCases.BaseClass -Enter first name
23:27:55.843 INFO  testCases.BaseClass -Enter first name
23:27:55.947 INFO  testCases.BaseClass -Selected day
23:27:56.029 INFO  testCases.BaseClass -Selected month
23:27:56.115 INFO  testCases.BaseClass -Selected year
23:27:56.228 INFO  testCases.BaseClass -Entered email
23:27:56.339 INFO  testCases.BaseClass -Entered password
23:27:56.442 INFO  testCases.BaseClass -Confirmed password
23:27:56.839 INFO  testCases.BaseClass -Clicked register
23:28:00.813 INFO  testCases.BaseClass -Clicked on Register
23:28:00.873 INFO  testCases.BaseClass -Clicked on Male
23:28:00.962 INFO  testCases.BaseClass -Enter first name
23:28:01.051 INFO  testCases.BaseClass -Enter first name
23:28:01.127 INFO  testCases.BaseClass -Selected day
23:28:01.198 INFO  testCases.BaseClass -Selected month
23:28:01.261 INFO  testCases.BaseClass -Selected year
23:28:01.351 INFO  testCases.BaseClass -Entered email
23:28:01.444 INFO  testCases.BaseClass -Entered password
23:28:01.532 INFO  testCases.BaseClass -Confirmed password
23:28:01.902 INFO  testCases.BaseClass -Clicked register
23:30:54.929 INFO  testCases.BaseClass -Clicked on Log in
23:30:55.034 INFO  testCases.BaseClass -Entered email
23:30:55.126 INFO  testCases.BaseClass -Entered password
23:30:55.504 INFO  testCases.BaseClass -Clicked Login
23:30:56.256 INFO  testCases.BaseClass -Clicked on Log in
23:30:56.358 INFO  testCases.BaseClass -Entered email
23:30:56.458 INFO  testCases.BaseClass -Entered password
23:30:57.125 INFO  testCases.BaseClass -Clicked Login
23:31:52.560 INFO  testCases.BaseClass -Clicked on Log in
23:31:52.662 INFO  testCases.BaseClass -Entered email
23:31:52.760 INFO  testCases.BaseClass -Entered password
23:31:53.126 INFO  testCases.BaseClass -Clicked Login
23:31:53.153 INFO  testCases.BaseClass -Test passed
23:31:53.848 INFO  testCases.BaseClass -Clicked on Log in
23:31:53.960 INFO  testCases.BaseClass -Entered email
23:31:54.054 INFO  testCases.BaseClass -Entered password
23:31:54.715 INFO  testCases.BaseClass -Clicked Login
23:31:54.726 INFO  testCases.BaseClass -Test passed
23:35:02.957 INFO  testCases.BaseClass -Clicked on Log in
23:35:03.077 INFO  testCases.BaseClass -Entered email
23:35:03.177 INFO  testCases.BaseClass -Entered password
23:35:03.816 INFO  testCases.BaseClass -Clicked Login
23:35:03.831 INFO  testCases.BaseClass -Test passed
23:45:21.701 INFO  testCases.BaseClass -Clicked on Register
23:45:21.767 INFO  testCases.BaseClass -Clicked on Male
23:45:21.865 INFO  testCases.BaseClass -Enter first name
23:45:21.971 INFO  testCases.BaseClass -Enter first name
23:45:22.068 INFO  testCases.BaseClass -Selected day
23:45:22.157 INFO  testCases.BaseClass -Selected month
23:45:22.243 INFO  testCases.BaseClass -Selected year
23:45:22.352 INFO  testCases.BaseClass -Entered email
23:45:22.466 INFO  testCases.BaseClass -Entered password
23:45:22.572 INFO  testCases.BaseClass -Confirmed password
23:45:23.256 INFO  testCases.BaseClass -Clicked register
23:45:23.299 INFO  testCases.BaseClass -Test passed
23:45:24.072 INFO  testCases.BaseClass -Clicked on Register
23:45:24.144 INFO  testCases.BaseClass -Clicked on Male
23:45:24.239 INFO  testCases.BaseClass -Enter first name
23:45:24.338 INFO  testCases.BaseClass -Enter first name
23:45:24.423 INFO  testCases.BaseClass -Selected day
23:45:24.498 INFO  testCases.BaseClass -Selected month
23:45:24.573 INFO  testCases.BaseClass -Selected year
23:45:24.675 INFO  testCases.BaseClass -Entered email
23:45:24.777 INFO  testCases.BaseClass -Entered password
23:45:24.874 INFO  testCases.BaseClass -Confirmed password
23:45:25.257 INFO  testCases.BaseClass -Clicked register
