18:55:35.945 INFO  testCases.BaseClass -Clicked on Register
18:55:36.413 INFO  testCases.BaseClass -Clicked on Male
18:55:36.720 INFO  testCases.BaseClass -Enter first name
18:55:36.837 INFO  testCases.BaseClass -Enter first name
18:55:36.951 INFO  testCases.BaseClass -Selected day
18:55:37.038 INFO  testCases.BaseClass -Selected month
18:55:37.130 INFO  testCases.BaseClass -Selected year
18:55:37.240 INFO  testCases.BaseClass -Entered email
18:55:37.354 INFO  testCases.BaseClass -Entered password
18:55:37.454 INFO  testCases.BaseClass -Confirmed password
18:55:38.198 INFO  testCases.BaseClass -Clicked register
18:55:38.246 INFO  testCases.BaseClass -Test passed
18:55:39.168 INFO  testCases.BaseClass -Clicked on Register
18:55:39.269 INFO  testCases.BaseClass -Clicked on Male
18:55:39.385 INFO  testCases.BaseClass -Enter first name
18:55:39.526 INFO  testCases.BaseClass -Enter first name
18:55:39.618 INFO  testCases.BaseClass -Selected day
18:55:39.694 INFO  testCases.BaseClass -Selected month
18:55:39.765 INFO  testCases.BaseClass -Selected year
18:55:39.924 INFO  testCases.BaseClass -Entered email
18:55:40.074 INFO  testCases.BaseClass -Entered password
18:55:40.219 INFO  testCases.BaseClass -Confirmed password
18:55:40.684 INFO  testCases.BaseClass -Clicked register
01:55:35.824 INFO  testCases.BaseClass -Clicked on Register
01:55:35.889 INFO  testCases.BaseClass -Clicked on Male
01:55:35.997 INFO  testCases.BaseClass -Enter first name
01:55:36.105 INFO  testCases.BaseClass -Enter first name
01:55:36.204 INFO  testCases.BaseClass -Selected day
01:55:36.288 INFO  testCases.BaseClass -Selected month
01:55:36.381 INFO  testCases.BaseClass -Selected year
01:55:36.493 INFO  testCases.BaseClass -Entered email
01:55:36.604 INFO  testCases.BaseClass -Entered password
01:55:36.711 INFO  testCases.BaseClass -Confirmed password
01:55:37.117 INFO  testCases.BaseClass -Clicked register
01:55:41.053 INFO  testCases.BaseClass -Clicked on Register
01:55:41.119 INFO  testCases.BaseClass -Clicked on Male
01:55:41.206 INFO  testCases.BaseClass -Enter first name
01:55:41.299 INFO  testCases.BaseClass -Enter first name
01:55:41.374 INFO  testCases.BaseClass -Selected day
01:55:41.444 INFO  testCases.BaseClass -Selected month
01:55:41.511 INFO  testCases.BaseClass -Selected year
01:55:41.604 INFO  testCases.BaseClass -Entered email
01:55:41.694 INFO  testCases.BaseClass -Entered password
01:55:41.783 INFO  testCases.BaseClass -Confirmed password
01:55:42.170 INFO  testCases.BaseClass -Clicked register
01:59:25.070 INFO  testCases.BaseClass -Clicked on Register
01:59:25.134 INFO  testCases.BaseClass -Clicked on Male
01:59:25.240 INFO  testCases.BaseClass -Enter first name
01:59:25.349 INFO  testCases.BaseClass -Enter first name
01:59:25.451 INFO  testCases.BaseClass -Selected day
01:59:25.539 INFO  testCases.BaseClass -Selected month
01:59:25.636 INFO  testCases.BaseClass -Selected year
01:59:25.747 INFO  testCases.BaseClass -Entered email
01:59:25.858 INFO  testCases.BaseClass -Entered password
01:59:25.961 INFO  testCases.BaseClass -Confirmed password
01:59:26.370 INFO  testCases.BaseClass -Clicked register
01:59:30.333 INFO  testCases.BaseClass -Clicked on Register
01:59:30.394 INFO  testCases.BaseClass -Clicked on Male
01:59:30.482 INFO  testCases.BaseClass -Enter first name
01:59:30.568 INFO  testCases.BaseClass -Enter first name
01:59:30.643 INFO  testCases.BaseClass -Selected day
01:59:30.709 INFO  testCases.BaseClass -Selected month
01:59:30.775 INFO  testCases.BaseClass -Selected year
01:59:30.866 INFO  testCases.BaseClass -Entered email
01:59:30.957 INFO  testCases.BaseClass -Entered password
01:59:31.048 INFO  testCases.BaseClass -Confirmed password
01:59:31.421 INFO  testCases.BaseClass -Clicked register
18:06:38.077 INFO  testCases.BaseClass -Clicked on Register
18:06:38.140 INFO  testCases.BaseClass -Clicked on Male
18:06:38.244 INFO  testCases.BaseClass -Enter first name
18:06:38.351 INFO  testCases.BaseClass -Enter first name
18:06:38.449 INFO  testCases.BaseClass -Selected day
18:06:38.530 INFO  testCases.BaseClass -Selected month
18:06:38.622 INFO  testCases.BaseClass -Selected year
18:06:38.735 INFO  testCases.BaseClass -Entered email
18:06:38.840 INFO  testCases.BaseClass -Entered password
18:06:38.945 INFO  testCases.BaseClass -Confirmed password
18:06:39.680 INFO  testCases.BaseClass -Clicked register
18:06:39.728 INFO  testCases.BaseClass -Test passed
18:06:40.594 INFO  testCases.BaseClass -Clicked on Register
18:06:40.651 INFO  testCases.BaseClass -Clicked on Male
18:06:40.755 INFO  testCases.BaseClass -Enter first name
18:06:40.859 INFO  testCases.BaseClass -Enter first name
18:06:40.945 INFO  testCases.BaseClass -Selected day
18:06:41.019 INFO  testCases.BaseClass -Selected month
18:06:41.094 INFO  testCases.BaseClass -Selected year
18:06:41.195 INFO  testCases.BaseClass -Entered email
18:06:41.305 INFO  testCases.BaseClass -Entered password
18:06:41.404 INFO  testCases.BaseClass -Confirmed password
18:06:41.844 INFO  testCases.BaseClass -Clicked register
